<?xml version="1.0" encoding="UTF-8"?>
<!-- Generated by org.testng.reporters.JUnitReportReporter -->
<testsuite hostname="LAPTOP-IH6E9MU2" failures="0" tests="1" name="Com.Btes.Com.btes.OrengeHrm.LoginMevenDemo" time="2.128" errors="0" timestamp="26 Dec 2019 08:36:24 GMT" skipped="0">
  <testcase classname="Com.Btes.Com.btes.OrengeHrm.LoginMevenDemo" name="Login" time="2.128"/>
</testsuite> <!-- Com.Btes.Com.btes.OrengeHrm.LoginMevenDemo -->
