<?xml version="1.0" encoding="UTF-8"?>
<!-- Generated by org.testng.reporters.JUnitReportReporter -->
<testsuite hostname="LAPTOP-IH6E9MU2" failures="0" tests="1" name="com.orangehrm.TestCases.loginTestPages" time="0.020" errors="0" timestamp="30 Dec 2019 17:16:46 GMT" skipped="0">
  <testcase classname="com.orangehrm.TestCases.loginTestPages" name="verifyTitleTest" time="0.020"/>
</testsuite> <!-- com.orangehrm.TestCases.loginTestPages -->
