<?xml version="1.0" encoding="UTF-8"?>
<!-- Generated by org.testng.reporters.JUnitReportReporter -->
<testsuite hostname="LAPTOP-IH6E9MU2" failures="0" tests="1" name="Com.Btes.Com.btes.facebook.SecondMevenDemo" time="9.134" errors="0" timestamp="26 Dec 2019 07:57:06 GMT" skipped="0">
  <testcase classname="Com.Btes.Com.btes.facebook.SecondMevenDemo" name="Login" time="9.134"/>
</testsuite> <!-- Com.Btes.Com.btes.facebook.SecondMevenDemo -->
