<?xml version="1.0" encoding="UTF-8"?>
<!-- Generated by org.testng.reporters.JUnitReportReporter -->
<testsuite hostname="LAPTOP-IH6E9MU2" failures="0" tests="1" name="OrengeHrm.OrengeAdminClick" time="2.147" errors="0" timestamp="2019-12-18T11:51:51 IST" skipped="0">
  <testcase classname="OrengeHrm.OrengeAdminClick" name="ogin" time="2.147"/>
</testsuite> <!-- OrengeHrm.OrengeAdminClick -->
