<?xml version="1.0" encoding="UTF-8"?>
<!-- Generated by org.testng.reporters.JUnitReportReporter -->
<testsuite hostname="LAPTOP-IH6E9MU2" failures="0" tests="1" name="OrengeHrm.jobHrmClick" time="0.913" errors="0" timestamp="2019-12-18T11:51:51 IST" skipped="0">
  <testcase classname="OrengeHrm.jobHrmClick" name="job" time="0.913"/>
</testsuite> <!-- OrengeHrm.jobHrmClick -->
