<?xml version="1.0" encoding="UTF-8"?>
<!-- Generated by org.testng.reporters.JUnitReportReporter -->
<testsuite hostname="LAPTOP-IH6E9MU2" failures="0" tests="3" name="TestNG.DataProviderDemo" time="0.015" errors="0" timestamp="2019-12-19T01:26:28 IST" skipped="0">
  <testcase classname="TestNG.DataProviderDemo" name="login" time="0.000"/>
  <testcase classname="TestNG.DataProviderDemo" name="login" time="0.000"/>
  <testcase classname="TestNG.DataProviderDemo" name="login" time="0.015"/>
</testsuite> <!-- TestNG.DataProviderDemo -->
