<?xml version="1.0" encoding="UTF-8"?>
<!-- Generated by org.testng.reporters.JUnitReportReporter -->
<testsuite hostname="LAPTOP-IH6E9MU2" failures="0" tests="2" name="TestNG.Annotationsdemo" time="0.000" errors="0" timestamp="2019-12-10T12:59:42 IST" skipped="0">
  <testcase classname="TestNG.Annotationsdemo" name="Launch5" time="0.000"/>
  <testcase classname="TestNG.Annotationsdemo" name="Launch6" time="0.000"/>
</testsuite> <!-- TestNG.Annotationsdemo -->
