<?xml version="1.0" encoding="UTF-8"?>
<!-- Generated by org.testng.reporters.JUnitReportReporter -->
<testsuite hostname="LAPTOP-IH6E9MU2" failures="0" tests="1" name="TestNG.ParameterDemo" time="0.015" errors="0" timestamp="2019-12-19T01:19:38 IST" skipped="0">
  <testcase classname="TestNG.ParameterDemo" name="Login" time="0.015"/>
</testsuite> <!-- TestNG.ParameterDemo -->
