<?xml version="1.0" encoding="UTF-8"?>
<!-- Generated by org.testng.reporters.JUnitReportReporter -->
<testsuite hostname="LAPTOP-IH6E9MU2" failures="0" tests="1" name="OrengeHrm.OrengeHrmLogin" time="17.754" errors="0" timestamp="2019-12-17T12:57:45 IST" skipped="0">
  <testcase classname="OrengeHrm.OrengeHrmLogin" name="Login" time="17.754"/>
</testsuite> <!-- OrengeHrm.OrengeHrmLogin -->
