<?xml version="1.0" encoding="UTF-8"?>
<!-- Generated by org.testng.reporters.JUnitReportReporter -->
<testsuite hostname="LAPTOP-IH6E9MU2" failures="0" tests="1" name="TestNG.HardAssertionDemo" time="6.733" errors="0" timestamp="2019-12-20T12:42:40 IST" skipped="0">
  <testcase classname="TestNG.HardAssertionDemo" name="Launch" time="6.733"/>
</testsuite> <!-- TestNG.HardAssertionDemo -->
