<?xml version="1.0" encoding="UTF-8"?>
<!-- Generated by org.testng.reporters.JUnitReportReporter -->
<testsuite hostname="LAPTOP-IH6E9MU2" failures="0" tests="6" name="Excel_Utility.DataProviderReader" time="115.570" errors="0" timestamp="2019-12-24T11:45:31 IST" skipped="0">
  <testcase classname="Excel_Utility.DataProviderReader" name="loginFun" time="19.522"/>
  <testcase classname="Excel_Utility.DataProviderReader" name="loginFun" time="31.811"/>
  <testcase classname="Excel_Utility.DataProviderReader" name="loginFun" time="11.312"/>
  <testcase classname="Excel_Utility.DataProviderReader" name="loginFun" time="10.179"/>
  <testcase classname="Excel_Utility.DataProviderReader" name="loginFun" time="27.517"/>
  <testcase classname="Excel_Utility.DataProviderReader" name="loginFun" time="15.229"/>
</testsuite> <!-- Excel_Utility.DataProviderReader -->
