<?xml version="1.0" encoding="UTF-8"?>
<!-- Generated by org.testng.reporters.JUnitReportReporter -->
<testsuite hostname="LAPTOP-IH6E9MU2" failures="0" tests="2" name="TestNG.parallelDemo" time="12.444" errors="0" timestamp="2019-12-23T12:18:21 IST" skipped="0">
  <testcase classname="TestNG.parallelDemo" name="Launch1" time="8.205"/>
  <testcase classname="TestNG.parallelDemo" name="Launch" time="4.239"/>
</testsuite> <!-- TestNG.parallelDemo -->
